<?xml version="1.0" encoding="UTF-8"?>
<!-- Generated by org.testng.reporters.JUnitXMLReporter -->
<testsuite ignored="0" hostname="Durvesh_Intern" failures="0" tests="4" name="Assignment3 Tests" time="52.053" errors="0" timestamp="2024-09-13T20:06:48 IST">
  <testcase classname="assignment3.FileUploadAndDownload" name="FileDownload" time="0.691"/>
  <testcase classname="assignment3.FileUploadAndDownload" name="FileDownload2" time="3.569"/>
  <testcase classname="assignment3.FileUploadAndDownload" name="FileUpload" time="0.163"/>
  <testcase classname="assignment3.HandlingDynamicElements" name="HandlingDynamicElements" time="4.812"/>
</testsuite> <!-- Assignment3 Tests -->
