<?xml version="1.0" encoding="UTF-8"?>
<!-- Generated by org.testng.reporters.JUnitXMLReporter -->
<testsuite ignored="0" hostname="Durvesh_Intern" failures="0" tests="4" name="Assignment3 Tests" time="29.329" errors="0" timestamp="2024-09-12T19:54:08 IST">
  <testcase classname="assignment3.FileUploadAndDownload" name="FileDownload" time="0.608"/>
  <testcase classname="assignment3.FileUploadAndDownload" name="FileDownload2" time="1.713"/>
  <testcase classname="assignment3.FileUploadAndDownload" name="FileUpload" time="0.04"/>
  <testcase classname="assignment3.HandlingDynamicElements" name="HandlingDynamicElements" time="4.709"/>
</testsuite> <!-- Assignment3 Tests -->
