<?xml version="1.0" encoding="UTF-8"?>
<!-- Generated by org.testng.reporters.JUnitXMLReporter -->
<testsuite ignored="0" hostname="Durvesh_Intern" failures="0" tests="3" name="Default test" time="28.975" errors="0" timestamp="2024-09-13T20:00:40 IST">
  <testcase classname="assignment3.FileUploadAndDownload" name="FileDownload" time="0.908"/>
  <testcase classname="assignment3.FileUploadAndDownload" name="FileDownload2" time="10.748"/>
  <testcase classname="assignment3.FileUploadAndDownload" name="FileUpload" time="0.173"/>
</testsuite> <!-- Default test -->
