<?xml version="1.0" encoding="UTF-8"?>
<!-- Generated by org.testng.reporters.JUnitXMLReporter -->
<testsuite ignored="0" hostname="Durvesh_Intern" failures="0" tests="3" name="Default test" time="17.849" errors="0" timestamp="2024-09-12T19:52:31 IST">
  <testcase classname="assignment3.FileUploadAndDownload" name="FileDownload" time="0.576"/>
  <testcase classname="assignment3.FileUploadAndDownload" name="FileDownload2" time="1.835"/>
  <testcase classname="assignment3.FileUploadAndDownload" name="FileUpload" time="0.04"/>
</testsuite> <!-- Default test -->
