<?xml version="1.0" encoding="UTF-8"?>
<testng-results ignored="0" total="6" passed="6" failed="0" skipped="0">
  <reporter-output>
  </reporter-output>
  <suite started-at="2024-09-13T20:05:05 IST" name="All Assignments Suite" finished-at="2024-09-13T20:06:48 IST" duration-ms="103200">
    <groups>
    </groups>
    <test started-at="2024-09-13T20:05:05 IST" name="Assignment2 Tests" finished-at="2024-09-13T20:05:56 IST" duration-ms="51123">
      <class name="assignment2.DynamicWebTable">
        <test-method is-config="true" signature="setUp()[pri:0, instance:assignment2.DynamicWebTable@c667f46]" started-at="2024-09-13T20:05:05 IST" name="setUp" finished-at="2024-09-13T20:05:10 IST" duration-ms="4732" status="PASS">
          <reporter-output>
          </reporter-output>
        </test-method> <!-- setUp -->
        <test-method signature="testExtractAndValidate()[pri:0, instance:assignment2.DynamicWebTable@c667f46]" started-at="2024-09-13T20:05:10 IST" name="testExtractAndValidate" finished-at="2024-09-13T20:05:30 IST" duration-ms="20389" status="PASS">
          <reporter-output>
          </reporter-output>
        </test-method> <!-- testExtractAndValidate -->
        <test-method is-config="true" signature="tearDown()[pri:0, instance:assignment2.DynamicWebTable@c667f46]" started-at="2024-09-13T20:05:30 IST" name="tearDown" finished-at="2024-09-13T20:05:31 IST" duration-ms="363" status="PASS">
          <reporter-output>
          </reporter-output>
        </test-method> <!-- tearDown -->
        <test-method is-config="true" signature="setUp()[pri:0, instance:assignment2.DynamicWebTable@c667f46]" started-at="2024-09-13T20:05:31 IST" name="setUp" finished-at="2024-09-13T20:05:36 IST" duration-ms="5006" status="PASS">
          <reporter-output>
          </reporter-output>
        </test-method> <!-- setUp -->
        <test-method signature="testSortAndVerify()[pri:0, instance:assignment2.DynamicWebTable@c667f46]" started-at="2024-09-13T20:05:36 IST" name="testSortAndVerify" finished-at="2024-09-13T20:05:56 IST" duration-ms="20365" status="PASS">
          <reporter-output>
          </reporter-output>
        </test-method> <!-- testSortAndVerify -->
        <test-method is-config="true" signature="tearDown()[pri:0, instance:assignment2.DynamicWebTable@c667f46]" started-at="2024-09-13T20:05:56 IST" name="tearDown" finished-at="2024-09-13T20:05:56 IST" duration-ms="240" status="PASS">
          <reporter-output>
          </reporter-output>
        </test-method> <!-- tearDown -->
      </class> <!-- assignment2.DynamicWebTable -->
    </test> <!-- Assignment2 Tests -->
    <test started-at="2024-09-13T20:05:56 IST" name="Assignment3 Tests" finished-at="2024-09-13T20:06:48 IST" duration-ms="52053">
      <class name="assignment3.HandlingDynamicElements">
        <test-method is-config="true" signature="setUp()[pri:0, instance:assignment3.HandlingDynamicElements@658c5a19]" started-at="2024-09-13T20:06:38 IST" name="setUp" finished-at="2024-09-13T20:06:43 IST" duration-ms="5080" status="PASS">
          <reporter-output>
          </reporter-output>
        </test-method> <!-- setUp -->
        <test-method signature="HandlingDynamicElements()[pri:0, instance:assignment3.HandlingDynamicElements@658c5a19]" started-at="2024-09-13T20:06:43 IST" name="HandlingDynamicElements" finished-at="2024-09-13T20:06:48 IST" duration-ms="4812" status="PASS">
          <reporter-output>
          </reporter-output>
        </test-method> <!-- HandlingDynamicElements -->
        <test-method is-config="true" signature="tearDown()[pri:0, instance:assignment3.HandlingDynamicElements@658c5a19]" started-at="2024-09-13T20:06:48 IST" name="tearDown" finished-at="2024-09-13T20:06:48 IST" duration-ms="234" status="PASS">
          <reporter-output>
          </reporter-output>
        </test-method> <!-- tearDown -->
      </class> <!-- assignment3.HandlingDynamicElements -->
      <class name="assignment3.FileUploadAndDownload">
        <test-method is-config="true" signature="setUp()[pri:0, instance:assignment3.FileUploadAndDownload@6c61a903]" started-at="2024-09-13T20:05:56 IST" name="setUp" finished-at="2024-09-13T20:06:16 IST" duration-ms="19486" status="PASS">
          <reporter-output>
          </reporter-output>
        </test-method> <!-- setUp -->
        <test-method signature="FileDownload()[pri:0, instance:assignment3.FileUploadAndDownload@6c61a903]" started-at="2024-09-13T20:06:16 IST" name="FileDownload" finished-at="2024-09-13T20:06:17 IST" duration-ms="691" status="PASS">
          <reporter-output>
          </reporter-output>
        </test-method> <!-- FileDownload -->
        <test-method is-config="true" signature="tearDown()[pri:0, instance:assignment3.FileUploadAndDownload@6c61a903]" started-at="2024-09-13T20:06:17 IST" name="tearDown" finished-at="2024-09-13T20:06:17 IST" duration-ms="196" status="PASS">
          <reporter-output>
          </reporter-output>
        </test-method> <!-- tearDown -->
        <test-method is-config="true" signature="setUp()[pri:0, instance:assignment3.FileUploadAndDownload@6c61a903]" started-at="2024-09-13T20:06:17 IST" name="setUp" finished-at="2024-09-13T20:06:20 IST" duration-ms="3554" status="PASS">
          <reporter-output>
          </reporter-output>
        </test-method> <!-- setUp -->
        <test-method signature="FileDownload2()[pri:0, instance:assignment3.FileUploadAndDownload@6c61a903]" started-at="2024-09-13T20:06:20 IST" name="FileDownload2" finished-at="2024-09-13T20:06:24 IST" duration-ms="3569" status="PASS">
          <reporter-output>
          </reporter-output>
        </test-method> <!-- FileDownload2 -->
        <test-method is-config="true" signature="tearDown()[pri:0, instance:assignment3.FileUploadAndDownload@6c61a903]" started-at="2024-09-13T20:06:24 IST" name="tearDown" finished-at="2024-09-13T20:06:24 IST" duration-ms="219" status="PASS">
          <reporter-output>
          </reporter-output>
        </test-method> <!-- tearDown -->
        <test-method is-config="true" signature="setUp()[pri:0, instance:assignment3.FileUploadAndDownload@6c61a903]" started-at="2024-09-13T20:06:24 IST" name="setUp" finished-at="2024-09-13T20:06:38 IST" duration-ms="13859" status="PASS">
          <reporter-output>
          </reporter-output>
        </test-method> <!-- setUp -->
        <test-method signature="FileUpload()[pri:0, instance:assignment3.FileUploadAndDownload@6c61a903]" started-at="2024-09-13T20:06:38 IST" name="FileUpload" finished-at="2024-09-13T20:06:38 IST" duration-ms="163" status="PASS">
          <reporter-output>
          </reporter-output>
        </test-method> <!-- FileUpload -->
        <test-method is-config="true" signature="tearDown()[pri:0, instance:assignment3.FileUploadAndDownload@6c61a903]" started-at="2024-09-13T20:06:38 IST" name="tearDown" finished-at="2024-09-13T20:06:38 IST" duration-ms="178" status="PASS">
          <reporter-output>
          </reporter-output>
        </test-method> <!-- tearDown -->
      </class> <!-- assignment3.FileUploadAndDownload -->
    </test> <!-- Assignment3 Tests -->
  </suite> <!-- All Assignments Suite -->
</testng-results>
