<?xml version="1.0" encoding="UTF-8"?>
<testng-results ignored="0" total="6" passed="6" failed="0" skipped="0">
  <reporter-output>
  </reporter-output>
  <suite started-at="2024-09-12T19:52:49 IST" name="All Assignments Suite" finished-at="2024-09-12T19:54:08 IST" duration-ms="79765">
    <groups>
    </groups>
    <test started-at="2024-09-12T19:52:49 IST" name="Assignment2 Tests" finished-at="2024-09-12T19:53:39 IST" duration-ms="50388">
      <class name="assignment2.DynamicWebTable">
        <test-method is-config="true" signature="setUp()[pri:0, instance:assignment2.DynamicWebTable@543295b0]" started-at="2024-09-12T19:52:49 IST" name="setUp" finished-at="2024-09-12T19:52:54 IST" duration-ms="4987" status="PASS">
          <reporter-output>
          </reporter-output>
        </test-method> <!-- setUp -->
        <test-method signature="testExtractAndValidate()[pri:0, instance:assignment2.DynamicWebTable@543295b0]" started-at="2024-09-12T19:52:54 IST" name="testExtractAndValidate" finished-at="2024-09-12T19:53:14 IST" duration-ms="20271" status="PASS">
          <reporter-output>
          </reporter-output>
        </test-method> <!-- testExtractAndValidate -->
        <test-method is-config="true" signature="tearDown()[pri:0, instance:assignment2.DynamicWebTable@543295b0]" started-at="2024-09-12T19:53:14 IST" name="tearDown" finished-at="2024-09-12T19:53:14 IST" duration-ms="209" status="PASS">
          <reporter-output>
          </reporter-output>
        </test-method> <!-- tearDown -->
        <test-method is-config="true" signature="setUp()[pri:0, instance:assignment2.DynamicWebTable@543295b0]" started-at="2024-09-12T19:53:14 IST" name="setUp" finished-at="2024-09-12T19:53:18 IST" duration-ms="4318" status="PASS">
          <reporter-output>
          </reporter-output>
        </test-method> <!-- setUp -->
        <test-method signature="testSortAndVerify()[pri:0, instance:assignment2.DynamicWebTable@543295b0]" started-at="2024-09-12T19:53:18 IST" name="testSortAndVerify" finished-at="2024-09-12T19:53:39 IST" duration-ms="20371" status="PASS">
          <reporter-output>
          </reporter-output>
        </test-method> <!-- testSortAndVerify -->
        <test-method is-config="true" signature="tearDown()[pri:0, instance:assignment2.DynamicWebTable@543295b0]" started-at="2024-09-12T19:53:39 IST" name="tearDown" finished-at="2024-09-12T19:53:39 IST" duration-ms="192" status="PASS">
          <reporter-output>
          </reporter-output>
        </test-method> <!-- tearDown -->
      </class> <!-- assignment2.DynamicWebTable -->
    </test> <!-- Assignment2 Tests -->
    <test started-at="2024-09-12T19:53:39 IST" name="Assignment3 Tests" finished-at="2024-09-12T19:54:08 IST" duration-ms="29329">
      <class name="assignment3.HandlingDynamicElements">
        <test-method is-config="true" signature="setUp()[pri:0, instance:assignment3.HandlingDynamicElements@48e1f6c7]" started-at="2024-09-12T19:53:54 IST" name="setUp" finished-at="2024-09-12T19:54:03 IST" duration-ms="9383" status="PASS">
          <reporter-output>
          </reporter-output>
        </test-method> <!-- setUp -->
        <test-method signature="HandlingDynamicElements()[pri:0, instance:assignment3.HandlingDynamicElements@48e1f6c7]" started-at="2024-09-12T19:54:03 IST" name="HandlingDynamicElements" finished-at="2024-09-12T19:54:08 IST" duration-ms="4709" status="PASS">
          <reporter-output>
          </reporter-output>
        </test-method> <!-- HandlingDynamicElements -->
        <test-method is-config="true" signature="tearDown()[pri:0, instance:assignment3.HandlingDynamicElements@48e1f6c7]" started-at="2024-09-12T19:54:08 IST" name="tearDown" finished-at="2024-09-12T19:54:08 IST" duration-ms="184" status="PASS">
          <reporter-output>
          </reporter-output>
        </test-method> <!-- tearDown -->
      </class> <!-- assignment3.HandlingDynamicElements -->
      <class name="assignment3.FileUploadAndDownload">
        <test-method is-config="true" signature="setUp()[pri:0, instance:assignment3.FileUploadAndDownload@4722ef0c]" started-at="2024-09-12T19:53:39 IST" name="setUp" finished-at="2024-09-12T19:53:43 IST" duration-ms="4002" status="PASS">
          <reporter-output>
          </reporter-output>
        </test-method> <!-- setUp -->
        <test-method signature="FileDownload()[pri:0, instance:assignment3.FileUploadAndDownload@4722ef0c]" started-at="2024-09-12T19:53:43 IST" name="FileDownload" finished-at="2024-09-12T19:53:44 IST" duration-ms="608" status="PASS">
          <reporter-output>
          </reporter-output>
        </test-method> <!-- FileDownload -->
        <test-method is-config="true" signature="tearDown()[pri:0, instance:assignment3.FileUploadAndDownload@4722ef0c]" started-at="2024-09-12T19:53:44 IST" name="tearDown" finished-at="2024-09-12T19:53:44 IST" duration-ms="177" status="PASS">
          <reporter-output>
          </reporter-output>
        </test-method> <!-- tearDown -->
        <test-method is-config="true" signature="setUp()[pri:0, instance:assignment3.FileUploadAndDownload@4722ef0c]" started-at="2024-09-12T19:53:44 IST" name="setUp" finished-at="2024-09-12T19:53:48 IST" duration-ms="3855" status="PASS">
          <reporter-output>
          </reporter-output>
        </test-method> <!-- setUp -->
        <test-method signature="FileDownload2()[pri:0, instance:assignment3.FileUploadAndDownload@4722ef0c]" started-at="2024-09-12T19:53:48 IST" name="FileDownload2" finished-at="2024-09-12T19:53:49 IST" duration-ms="1713" status="PASS">
          <reporter-output>
          </reporter-output>
        </test-method> <!-- FileDownload2 -->
        <test-method is-config="true" signature="tearDown()[pri:0, instance:assignment3.FileUploadAndDownload@4722ef0c]" started-at="2024-09-12T19:53:49 IST" name="tearDown" finished-at="2024-09-12T19:53:50 IST" duration-ms="153" status="PASS">
          <reporter-output>
          </reporter-output>
        </test-method> <!-- tearDown -->
        <test-method is-config="true" signature="setUp()[pri:0, instance:assignment3.FileUploadAndDownload@4722ef0c]" started-at="2024-09-12T19:53:50 IST" name="setUp" finished-at="2024-09-12T19:53:54 IST" duration-ms="4332" status="PASS">
          <reporter-output>
          </reporter-output>
        </test-method> <!-- setUp -->
        <test-method signature="FileUpload()[pri:0, instance:assignment3.FileUploadAndDownload@4722ef0c]" started-at="2024-09-12T19:53:54 IST" name="FileUpload" finished-at="2024-09-12T19:53:54 IST" duration-ms="40" status="PASS">
          <reporter-output>
          </reporter-output>
        </test-method> <!-- FileUpload -->
        <test-method is-config="true" signature="tearDown()[pri:0, instance:assignment3.FileUploadAndDownload@4722ef0c]" started-at="2024-09-12T19:53:54 IST" name="tearDown" finished-at="2024-09-12T19:53:54 IST" duration-ms="169" status="PASS">
          <reporter-output>
          </reporter-output>
        </test-method> <!-- tearDown -->
      </class> <!-- assignment3.FileUploadAndDownload -->
    </test> <!-- Assignment3 Tests -->
  </suite> <!-- All Assignments Suite -->
</testng-results>
